<?xml version="1.0" encoding="UTF-8"?>
<!-- Generated by org.testng.reporters.JUnitReportReporter -->
<testsuite hostname="DESKTOP-81MK3MI" failures="0" tests="3" name="Reports.QualityControlReports" time="275.797" errors="0" timestamp="2024-10-26T17:57:23 IST" skipped="0">
  <testcase classname="Reports.QualityControlReports" name="loginPage" time="31.300"/>
  <system-out/>
  <testcase classname="Reports.QualityControlReports" name="Defaulter_report_test" time="64.781"/>
  <system-out/>
  <testcase classname="Reports.QualityControlReports" name="Total_Outstanding_report_test" time="179.716"/>
  <system-out/>
</testsuite> <!-- Reports.QualityControlReports -->
