<?xml version="1.0" encoding="UTF-8"?>
<!-- Generated by org.testng.reporters.JUnitReportReporter -->
<testsuite hostname="IT-PC-19" failures="0" tests="1" name="Payments.bufferTime" time="180.004" errors="0" timestamp="2023-05-03T18:48:49 IST" skipped="0">
  <testcase classname="Payments.bufferTime" name="waitingTime" time="180.004"/>
  <system-out/>
</testsuite> <!-- Payments.bufferTime -->
