<?xml version="1.0" encoding="UTF-8"?>
<!-- Generated by org.testng.reporters.JUnitReportReporter -->
<testsuite hostname="DESKTOP-81MK3MI" failures="0" tests="1" name="Reports.CollectionReports" time="47.136" errors="0" timestamp="2024-10-27T17:59:29 IST" skipped="0">
  <testcase classname="Reports.CollectionReports" name="collectiontest" time="47.136"/>
  <system-out/>
</testsuite> <!-- Reports.CollectionReports -->
