<?xml version="1.0" encoding="UTF-8"?>
<!-- Generated by org.testng.reporters.JUnitReportReporter -->
<testsuite hostname="DESKTOP-81MK3MI" failures="0" tests="1" name="SmokTesting.test" time="1.176" errors="0" timestamp="2024-10-27T17:17:41 IST" skipped="0">
  <testcase classname="SmokTesting.test" name="testOne" time="1.176"/>
  <system-out/>
</testsuite> <!-- SmokTesting.test -->
