<?xml version="1.0" encoding="UTF-8"?>
<!-- Generated by org.testng.reporters.JUnitReportReporter -->
<testsuite hostname="DESKTOP-81MK3MI" failures="0" tests="2" name="Reports.CollectionReports" time="66.307" errors="0" timestamp="2024-10-25T17:35:10 IST" skipped="0">
  <testcase classname="Reports.CollectionReports" name="loginPage" time="30.490"/>
  <system-out/>
  <testcase classname="Reports.CollectionReports" name="collectiontest" time="35.817"/>
  <system-out/>
</testsuite> <!-- Reports.CollectionReports -->
