<?xml version="1.0" encoding="UTF-8"?>
<!-- Generated by org.testng.reporters.JUnitReportReporter -->
<testsuite hostname="DESKTOP-PRAUAQ4" failures="0" tests="11" name="New_property_Wadhghat.CMS_Test" time="0.000" errors="0" timestamp="2024-10-24T16:39:28 IST" skipped="11">
  <testcase classname="New_property_Wadhghat.CMS_Test" name="loginPage" time="0.000">
    <skipped/>
  </testcase> <!-- loginPage -->
  <system-out/>
  <testcase classname="New_property_Wadhghat.CMS_Test" name="cmsPageWadhghat" time="0.000">
    <skipped/>
  </testcase> <!-- cmsPageWadhghat -->
  <system-out/>
  <testcase classname="New_property_Wadhghat.CMS_Test" name="cmsRegisterPageWadhghat" time="0.000">
    <skipped/>
  </testcase> <!-- cmsRegisterPageWadhghat -->
  <system-out/>
  <testcase classname="New_property_Wadhghat.CMS_Test" name="cmsComplaintRegisterWadhghat" time="0.000">
    <skipped/>
  </testcase> <!-- cmsComplaintRegisterWadhghat -->
  <system-out/>
  <testcase classname="New_property_Wadhghat.CMS_Test" name="searchComplaintWadhghat" time="0.000">
    <skipped/>
  </testcase> <!-- searchComplaintWadhghat -->
  <system-out/>
  <testcase classname="New_property_Wadhghat.CMS_Test" name="Dataentry_owner_info" time="0.000">
    <skipped/>
  </testcase> <!-- Dataentry_owner_info -->
  <system-out/>
  <testcase classname="New_property_Wadhghat.CMS_Test" name="Dataentry_floor_info" time="0.000">
    <skipped/>
  </testcase> <!-- Dataentry_floor_info -->
  <system-out/>
  <testcase classname="New_property_Wadhghat.CMS_Test" name="OldTaxex_info" time="0.000">
    <skipped/>
  </testcase> <!-- OldTaxex_info -->
  <system-out/>
  <testcase classname="New_property_Wadhghat.CMS_Test" name="AddTaxes_and_UploadFiles" time="0.000">
    <skipped/>
  </testcase> <!-- AddTaxes_and_UploadFiles -->
  <system-out/>
  <testcase classname="New_property_Wadhghat.CMS_Test" name="WadhghatApproval" time="0.000">
    <skipped/>
  </testcase> <!-- WadhghatApproval -->
  <system-out/>
  <testcase classname="New_property_Wadhghat.CMS_Test" name="councilapproval" time="0.000">
    <skipped/>
  </testcase> <!-- councilapproval -->
  <system-out/>
</testsuite> <!-- New_property_Wadhghat.CMS_Test -->
