<?xml version="1.0" encoding="UTF-8"?>
<!-- Generated by org.testng.reporters.JUnitReportReporter -->
<testsuite hostname="DESKTOP-81MK3MI" failures="0" tests="1" name="MinorChanges.minorChanges2" time="70.229" errors="0" timestamp="2024-10-21T16:48:34 IST" skipped="0">
  <testcase classname="MinorChanges.minorChanges2" name="testPage" time="70.229"/>
  <system-out/>
</testsuite> <!-- MinorChanges.minorChanges2 -->
