<?xml version="1.0" encoding="UTF-8"?>
<!-- Generated by org.testng.reporters.JUnitReportReporter -->
<testsuite hostname="IT-PC-19" failures="0" tests="1" name="New_property_Wadhghat.Old_Taxes" time="21.147" errors="0" timestamp="2023-04-25T11:37:21 IST" skipped="0">
  <testcase classname="New_property_Wadhghat.Old_Taxes" name="OldTaxex_info" time="21.147"/>
  <system-out/>
</testsuite> <!-- New_property_Wadhghat.Old_Taxes -->
