<?xml version="1.0" encoding="UTF-8"?>
<!-- Generated by org.testng.reporters.JUnitReportReporter -->
<testsuite hostname="DESKTOP-81MK3MI" failures="0" tests="2" name="New_property_Wadhghat.MinorChanges" time="113.014" errors="0" timestamp="2024-10-25T12:17:24 IST" skipped="0">
  <testcase classname="New_property_Wadhghat.MinorChanges" name="loginPage" time="19.729"/>
  <system-out/>
  <testcase classname="New_property_Wadhghat.MinorChanges" name="performMinorChangeAndVerify" time="93.285"/>
  <system-out/>
</testsuite> <!-- New_property_Wadhghat.MinorChanges -->
