<?xml version="1.0" encoding="UTF-8"?>
<!-- Generated by org.testng.reporters.JUnitReportReporter -->
<testsuite hostname="DESKTOP-81MK3MI" failures="0" tests="2" name="Reports.QualityControlReports" time="67.451" errors="0" timestamp="2024-10-26T11:05:59 IST" skipped="0">
  <testcase classname="Reports.QualityControlReports" name="loginPage" time="30.628"/>
  <system-out/>
  <testcase classname="Reports.QualityControlReports" name="Defaulter_report_test" time="36.823"/>
  <system-out/>
</testsuite> <!-- Reports.QualityControlReports -->
