<?xml version="1.0" encoding="UTF-8"?>
<!-- Generated by org.testng.reporters.JUnitReportReporter -->
<testsuite hostname="DESKTOP-81MK3MI" failures="0" tests="2" name="Reports.QualityControlReports" time="68.016" errors="0" timestamp="2024-10-25T18:41:24 IST" skipped="0">
  <testcase classname="Reports.QualityControlReports" name="loginPage" time="30.789"/>
  <system-out/>
  <testcase classname="Reports.QualityControlReports" name="Defaulter_report_test" time="37.227"/>
  <system-out/>
</testsuite> <!-- Reports.QualityControlReports -->
