<?xml version="1.0" encoding="UTF-8"?>
<!-- Generated by org.testng.reporters.JUnitReportReporter -->
<testsuite hostname="DESKTOP-PRAUAQ4" failures="0" tests="2" name="New_property_Wadhghat.MinorChanges" time="0.000" errors="0" timestamp="2024-10-24T16:39:28 IST" skipped="2">
  <testcase classname="New_property_Wadhghat.MinorChanges" name="loginPage" time="0.000">
    <skipped/>
  </testcase> <!-- loginPage -->
  <system-out/>
  <testcase classname="New_property_Wadhghat.MinorChanges" name="performMinorChangeAndVerify" time="0.000">
    <skipped/>
  </testcase> <!-- performMinorChangeAndVerify -->
  <system-out/>
</testsuite> <!-- New_property_Wadhghat.MinorChanges -->
