<?xml version="1.0" encoding="UTF-8"?>
<!-- Generated by org.testng.reporters.JUnitReportReporter -->
<testsuite hostname="DESKTOP-81MK3MI" failures="0" tests="3" name="Reports.ReportEngine" time="189.810" errors="0" timestamp="2024-10-26T17:48:06 IST" skipped="0">
  <testcase classname="Reports.ReportEngine" name="loginPage" time="30.796"/>
  <system-out/>
  <testcase classname="Reports.ReportEngine" name="Notice_report" time="64.954"/>
  <system-out/>
  <testcase classname="Reports.ReportEngine" name="Karakarni_report" time="94.060"/>
  <system-out/>
</testsuite> <!-- Reports.ReportEngine -->
