<?xml version="1.0" encoding="UTF-8"?>
<!-- Generated by org.testng.reporters.JUnitReportReporter -->
<testsuite hostname="IT-PC-19" failures="0" tests="2" name="TestDiscounts.CheckDiscount" time="43.881" errors="0" timestamp="2023-05-11T14:26:52 IST" skipped="0">
  <testcase classname="TestDiscounts.CheckDiscount" name="loginPage" time="19.543"/>
  <system-out/>
  <testcase classname="TestDiscounts.CheckDiscount" name="Full_Payment" time="24.338"/>
  <system-out/>
</testsuite> <!-- TestDiscounts.CheckDiscount -->
