<?xml version="1.0" encoding="UTF-8"?>
<!-- Generated by org.testng.reporters.JUnitReportReporter -->
<testsuite hostname="IT-PC-19" failures="0" tests="2" name="New_property_Wadhghat.DataEntry" time="76.422" errors="0" timestamp="2023-04-25T11:37:21 IST" skipped="0">
  <testcase classname="New_property_Wadhghat.DataEntry" name="Dataentry_owner_info" time="45.752"/>
  <system-out/>
  <testcase classname="New_property_Wadhghat.DataEntry" name="Dataentry_floor_info" time="30.670"/>
  <system-out/>
</testsuite> <!-- New_property_Wadhghat.DataEntry -->
