<?xml version="1.0" encoding="UTF-8"?>
<!-- Generated by org.testng.reporters.JUnitReportReporter -->
<testsuite hostname="DESKTOP-PRAUAQ4" failures="0" tests="4" name="Reports.DownloadReports" time="174.213" errors="0" timestamp="2024-09-25T18:08:42 IST" skipped="0">
  <testcase classname="Reports.DownloadReports" name="loginPage" time="32.217"/>
  <system-out/>
  <testcase classname="Reports.DownloadReports" name="DownloadCounterReports" time="62.465"/>
  <system-out/>
  <testcase classname="Reports.DownloadReports" name="AssismentNakkal" time="33.325"/>
  <system-out/>
  <testcase classname="Reports.DownloadReports" name="NoDueCertificate" time="46.206"/>
  <system-out/>
</testsuite> <!-- Reports.DownloadReports -->
