<?xml version="1.0" encoding="UTF-8"?>
<!-- Generated by org.testng.reporters.JUnitReportReporter -->
<testsuite hostname="IT-PC-19" failures="0" tests="5" name="New_property_Wadhghat.CMS_Test1" time="77.366" errors="0" timestamp="2023-04-25T11:37:21 IST" skipped="0">
  <testcase classname="New_property_Wadhghat.CMS_Test1" name="loginPage" time="17.711"/>
  <system-out/>
  <testcase classname="New_property_Wadhghat.CMS_Test1" name="cmsPage" time="12.868"/>
  <system-out/>
  <testcase classname="New_property_Wadhghat.CMS_Test1" name="cmsRegisterPage" time="14.733"/>
  <system-out/>
  <testcase classname="New_property_Wadhghat.CMS_Test1" name="cmsComplaintRegister" time="15.455"/>
  <system-out/>
  <testcase classname="New_property_Wadhghat.CMS_Test1" name="searchComplaint" time="16.599"/>
  <system-out/>
</testsuite> <!-- New_property_Wadhghat.CMS_Test1 -->
