<?xml version="1.0" encoding="UTF-8"?>
<!-- Generated by org.testng.reporters.JUnitReportReporter -->
<testsuite hostname="IT-PC-19" failures="0" tests="2" name="New_property_Wadhghat.AddTaxes" time="92.747" errors="0" timestamp="2023-04-25T11:37:21 IST" skipped="0">
  <testcase classname="New_property_Wadhghat.AddTaxes" name="AddTaxes_and_UploadFiles" time="87.344"/>
  <system-out/>
  <testcase classname="New_property_Wadhghat.AddTaxes" name="Approval" time="5.403"/>
  <system-out/>
</testsuite> <!-- New_property_Wadhghat.AddTaxes -->
